app/build/intermediates/manifest_merge_blame_file/debug/manifest-merger-blame-debug-report.txt
1<?xml version="1.0" encoding="utf-8"?>
2<manifest xmlns:android="http://schemas.android.com/apk/res/android"
3    package="com.project.eevent"
4    android:versionCode="1"
5    android:versionName="1.0" >
6
7    <uses-sdk
8        android:minSdkVersion="23"
8-->src\main\AndroidManifest.xml
9        android:targetSdkVersion="30" />
9-->src\main\AndroidManifest.xml
10
11    <uses-permission android:name="android.permission.INTERNET" />
11-->src\main\AndroidManifest.xml:6:5-67
11-->src\main\AndroidManifest.xml:6:22-64
12    <uses-permission android:name="android.permission.WRITE_EXTERNAL_STORAGE" />
12-->src\main\AndroidManifest.xml:7:5-81
12-->src\main\AndroidManifest.xml:7:22-78
13    <uses-permission android:name="android.permission.READ_EXTERNAL_STORAGE" />
13-->[com.github.maayyaannkk:ImagePicker:1.0.4] AndroidManifest.xml:12:5-80
13-->[com.github.maayyaannkk:ImagePicker:1.0.4] AndroidManifest.xml:12:22-77
14
15    <application
15-->src\main\AndroidManifest.xml:9:5-67:19
16        android:allowBackup="true"
16-->src\main\AndroidManifest.xml:10:9-35
17        android:appComponentFactory="androidx.core.app.CoreComponentFactory"
17-->[androidx.core:core:1.3.1] AndroidManifest.xml:24:18-86
18        android:debuggable="true"
19        android:extractNativeLibs="false"
20        android:icon="@drawable/logo_square"
20-->src\main\AndroidManifest.xml:11:9-45
21        android:label="@string/app_name"
21-->src\main\AndroidManifest.xml:12:9-41
22        android:roundIcon="@drawable/logo_circle"
22-->src\main\AndroidManifest.xml:13:9-50
23        android:supportsRtl="true"
23-->src\main\AndroidManifest.xml:14:9-35
24        android:testOnly="true"
25        android:theme="@style/Theme.EEvent"
25-->src\main\AndroidManifest.xml:15:9-44
26        android:usesCleartextTraffic="true" >
26-->src\main\AndroidManifest.xml:16:9-44
27        <activity android:name="com.project.eevent.AboutUsActivity" />
27-->src\main\AndroidManifest.xml:18:9-62
27-->src\main\AndroidManifest.xml:18:19-50
28        <activity android:name="com.project.eevent.Customer.Orders.CusOrderListEdActivity" />
28-->src\main\AndroidManifest.xml:19:9-76
28-->src\main\AndroidManifest.xml:19:19-73
29        <activity android:name="com.project.eevent.Customer.Orders.CusOrderListFmActivity" />
29-->src\main\AndroidManifest.xml:20:9-76
29-->src\main\AndroidManifest.xml:20:19-73
30        <activity android:name="com.project.eevent.Customer.Orders.CusOrderListChActivity" />
30-->src\main\AndroidManifest.xml:21:9-76
30-->src\main\AndroidManifest.xml:21:19-73
31        <activity android:name="com.project.eevent.Customer.Orders.CusOrderListPhotographerActivity" />
31-->src\main\AndroidManifest.xml:22:9-86
31-->src\main\AndroidManifest.xml:22:19-83
32        <activity android:name="com.project.eevent.Customer.Orders.MainOrderListActivity" />
32-->src\main\AndroidManifest.xml:23:9-75
32-->src\main\AndroidManifest.xml:23:19-72
33        <activity android:name="com.project.eevent.Photographer.Product.ProductDescriptionPhotographerActivity" />
33-->src\main\AndroidManifest.xml:24:9-97
33-->src\main\AndroidManifest.xml:24:19-94
34        <activity android:name="com.project.eevent.Photographer.Product.OrderPhotographerActivity" />
34-->src\main\AndroidManifest.xml:25:9-84
34-->src\main\AndroidManifest.xml:25:19-81
35        <activity android:name="com.project.eevent.Photographer.Order.OrderDetailsPhotographerActivity" />
35-->src\main\AndroidManifest.xml:26:9-89
35-->src\main\AndroidManifest.xml:26:19-86
36        <activity android:name="com.project.eevent.Photographer.Order.OrderListPhotographerActivity" />
36-->src\main\AndroidManifest.xml:27:9-86
36-->src\main\AndroidManifest.xml:27:19-83
37        <activity android:name="com.project.eevent.Photographer.Product.AddProductPhotographerActivity" />
37-->src\main\AndroidManifest.xml:28:9-89
37-->src\main\AndroidManifest.xml:28:19-86
38        <activity android:name="com.project.eevent.Photographer.Product.AllProductPhotographerActivity" />
38-->src\main\AndroidManifest.xml:29:9-89
38-->src\main\AndroidManifest.xml:29:19-86
39        <activity android:name="com.project.eevent.ContactUsActivity" />
39-->src\main\AndroidManifest.xml:30:9-55
39-->src\main\AndroidManifest.xml:30:19-52
40        <activity android:name="com.project.eevent.Photographer.Profile.EditProfilePhotographerActivity" />
40-->src\main\AndroidManifest.xml:31:9-90
40-->src\main\AndroidManifest.xml:31:19-87
41        <activity android:name="com.project.eevent.Photographer.Profile.ProfilePhotographerActivity" />
41-->src\main\AndroidManifest.xml:32:9-86
41-->src\main\AndroidManifest.xml:32:19-83
42        <activity android:name="com.project.eevent.FoodManagement.Profile.EditProfileFmActivity" />
42-->src\main\AndroidManifest.xml:33:9-82
42-->src\main\AndroidManifest.xml:33:19-79
43        <activity android:name="com.project.eevent.FoodManagement.Profile.ProfileFmActivity" />
43-->src\main\AndroidManifest.xml:34:9-78
43-->src\main\AndroidManifest.xml:34:19-75
44        <activity android:name="com.project.eevent.EventDecorator.Profile.EditProfileEdActivity" />
44-->src\main\AndroidManifest.xml:35:9-82
44-->src\main\AndroidManifest.xml:35:19-79
45        <activity android:name="com.project.eevent.EventDecorator.Profile.ProfileEdActivity" />
45-->src\main\AndroidManifest.xml:36:9-78
45-->src\main\AndroidManifest.xml:36:19-75
46        <activity android:name="com.project.eevent.ConventionHall.Profile.EditProfileChActivity" />
46-->src\main\AndroidManifest.xml:37:9-82
46-->src\main\AndroidManifest.xml:37:19-79
47        <activity android:name="com.project.eevent.ConventionHall.Profile.ProfileChActivity" />
47-->src\main\AndroidManifest.xml:38:9-78
47-->src\main\AndroidManifest.xml:38:19-75
48        <activity android:name="com.project.eevent.Customer.Profile.EditProfileCusActivity" />
48-->src\main\AndroidManifest.xml:39:9-77
48-->src\main\AndroidManifest.xml:39:19-74
49        <activity android:name="com.project.eevent.Customer.Profile.ProfileCusActivity" />
49-->src\main\AndroidManifest.xml:40:9-73
49-->src\main\AndroidManifest.xml:40:19-70
50        <activity android:name="com.project.eevent.Admin.ViewUsers.FmListActivity" />
50-->src\main\AndroidManifest.xml:41:9-68
50-->src\main\AndroidManifest.xml:41:19-65
51        <activity android:name="com.project.eevent.Admin.ViewUsers.EdListActivity" />
51-->src\main\AndroidManifest.xml:42:9-68
51-->src\main\AndroidManifest.xml:42:19-65
52        <activity android:name="com.project.eevent.Admin.ViewUsers.ChListActivity" />
52-->src\main\AndroidManifest.xml:43:9-68
52-->src\main\AndroidManifest.xml:43:19-65
53        <activity android:name="com.project.eevent.Admin.ViewUsers.PhotographerListActivity" />
53-->src\main\AndroidManifest.xml:44:9-78
53-->src\main\AndroidManifest.xml:44:19-75
54        <activity android:name="com.project.eevent.Admin.ViewUsers.CusListActivity" />
54-->src\main\AndroidManifest.xml:45:9-69
54-->src\main\AndroidManifest.xml:45:19-66
55        <activity android:name="com.project.eevent.Admin.Profile.EditProfileAdminActivity" />
55-->src\main\AndroidManifest.xml:46:9-76
55-->src\main\AndroidManifest.xml:46:19-73
56        <activity android:name="com.project.eevent.Admin.Profile.ProfileAdminActivity" />
56-->src\main\AndroidManifest.xml:47:9-72
56-->src\main\AndroidManifest.xml:47:19-69
57        <activity android:name="com.project.eevent.Photographer.PhotographerMainActivity" />
57-->src\main\AndroidManifest.xml:48:9-75
57-->src\main\AndroidManifest.xml:48:19-72
58        <activity android:name="com.project.eevent.FoodManagement.FmMainActivity" />
58-->src\main\AndroidManifest.xml:49:9-67
58-->src\main\AndroidManifest.xml:49:19-64
59        <activity android:name="com.project.eevent.EventDecorator.EdMainActivity" />
59-->src\main\AndroidManifest.xml:50:9-67
59-->src\main\AndroidManifest.xml:50:19-64
60        <activity android:name="com.project.eevent.Customer.CusMainActivity" />
60-->src\main\AndroidManifest.xml:51:9-62
60-->src\main\AndroidManifest.xml:51:19-59
61        <activity android:name="com.project.eevent.ConventionHall.ChMainActivity" />
61-->src\main\AndroidManifest.xml:52:9-67
61-->src\main\AndroidManifest.xml:52:19-64
62        <activity android:name="com.project.eevent.Admin.AdminMainActivity" />
62-->src\main\AndroidManifest.xml:53:9-61
62-->src\main\AndroidManifest.xml:53:19-58
63        <activity android:name="com.project.eevent.SignupActivity" />
63-->src\main\AndroidManifest.xml:54:9-52
63-->src\main\AndroidManifest.xml:54:19-49
64        <activity android:name="com.project.eevent.LoginActivity" />
64-->src\main\AndroidManifest.xml:55:9-51
64-->src\main\AndroidManifest.xml:55:19-48
65        <activity android:name="com.project.eevent.SplashActivity" >
65-->src\main\AndroidManifest.xml:56:9-62:20
65-->src\main\AndroidManifest.xml:56:19-49
66            <intent-filter>
66-->src\main\AndroidManifest.xml:57:13-61:29
67                <action android:name="android.intent.action.MAIN" />
67-->src\main\AndroidManifest.xml:58:17-69
67-->src\main\AndroidManifest.xml:58:25-66
68
69                <category android:name="android.intent.category.LAUNCHER" />
69-->src\main\AndroidManifest.xml:60:17-77
69-->src\main\AndroidManifest.xml:60:27-74
70            </intent-filter>
71        </activity>
72
73        <uses-library
73-->src\main\AndroidManifest.xml:64:9-66:40
74            android:name="org.apache.http.legacy"
74-->src\main\AndroidManifest.xml:65:13-50
75            android:required="false" />
75-->src\main\AndroidManifest.xml:66:13-37
76
77        <activity
77-->[com.karumi:dexter:5.0.0] AndroidManifest.xml:27:9-29:72
78            android:name="com.karumi.dexter.DexterActivity"
78-->[com.karumi:dexter:5.0.0] AndroidManifest.xml:28:13-60
79            android:theme="@style/Dexter.Internal.Theme.Transparent" />
79-->[com.karumi:dexter:5.0.0] AndroidManifest.xml:29:13-69
80        <activity
80-->[com.github.maayyaannkk:ImagePicker:1.0.4] AndroidManifest.xml:15:9-17:67
81            android:name="in.mayanknagwanshi.imagepicker.ImageSelectActivity"
81-->[com.github.maayyaannkk:ImagePicker:1.0.4] AndroidManifest.xml:16:13-78
82            android:theme="@style/Theme.AppCompat.Light.Dialog" />
82-->[com.github.maayyaannkk:ImagePicker:1.0.4] AndroidManifest.xml:17:13-64
83
84        <provider
84-->[com.github.maayyaannkk:ImagePicker:1.0.4] AndroidManifest.xml:19:9-27:20
85            android:name="androidx.core.content.FileProvider"
85-->[com.github.maayyaannkk:ImagePicker:1.0.4] AndroidManifest.xml:20:13-62
86            android:authorities="com.project.eevent.provider"
86-->[com.github.maayyaannkk:ImagePicker:1.0.4] AndroidManifest.xml:21:13-60
87            android:exported="false"
87-->[com.github.maayyaannkk:ImagePicker:1.0.4] AndroidManifest.xml:22:13-37
88            android:grantUriPermissions="true" >
88-->[com.github.maayyaannkk:ImagePicker:1.0.4] AndroidManifest.xml:23:13-47
89            <meta-data
89-->[com.github.maayyaannkk:ImagePicker:1.0.4] AndroidManifest.xml:24:13-26:58
90                android:name="android.support.FILE_PROVIDER_PATHS"
90-->[com.github.maayyaannkk:ImagePicker:1.0.4] AndroidManifest.xml:25:17-67
91                android:resource="@xml/provider_paths" />
91-->[com.github.maayyaannkk:ImagePicker:1.0.4] AndroidManifest.xml:26:17-55
92        </provider>
93    </application>
94
95</manifest>